TN:
SF:C:\Git\Gibhub\misc\src\webpack\webpack-sass-babel-webpack-dev-server-karma\tests.webpack.js
FNF:0
FNH:0
DA:1,1
DA:2,1
LF:2
LH:2
BRF:0
BRH:0
end_of_record
TN:
SF:C:\Git\Gibhub\misc\src\webpack\webpack-sass-babel-webpack-dev-server-karma\src\assets\scripts\app.spec.js
FN:0,_interopRequireDefault
FN:3,(anonymous_2)
FN:5,(anonymous_3)
FN:11,(anonymous_4)
FNF:4
FNH:4
FNDA:1,_interopRequireDefault
FNDA:1,(anonymous_2)
FNDA:1,(anonymous_3)
FNDA:1,(anonymous_4)
DA:0,1
DA:1,1
DA:3,1
DA:5,1
DA:6,1
DA:9,1
DA:11,1
DA:12,1
LF:8
LH:8
BRDA:0,1,0,1
BRDA:0,1,1,0
BRDA:0,2,0,1
BRDA:0,2,1,1
BRF:4
BRH:4
end_of_record
TN:
SF:C:\Git\Gibhub\misc\src\webpack\webpack-sass-babel-webpack-dev-server-karma\src\assets\scripts\app.js
FN:0,_interopRequireDefault
FN:0,_classCallCheck
FN:13,App
FNF:3
FNH:3
FNDA:1,_interopRequireDefault
FNDA:1,_classCallCheck
FNDA:1,App
DA:0,1
DA:2,1
DA:4,1
DA:5,0
DA:8,1
DA:10,1
DA:12,1
DA:14,1
LF:8
LH:7
BRDA:0,1,0,1
BRDA:0,1,1,0
BRDA:0,2,0,1
BRDA:0,2,1,1
BRDA:0,3,0,0
BRDA:0,3,1,1
BRDA:4,4,0,0
BRDA:4,4,1,1
BRF:8
BRH:7
end_of_record
TN:
SF:C:\Git\Gibhub\misc\src\webpack\webpack-sass-babel-webpack-dev-server-karma\src\assets\scripts\util.js
FN:2,whoami
FNF:1
FNH:1
FNDA:1,whoami
DA:0,1
DA:1,1
DA:3,1
LF:3
LH:3
BRF:0
BRH:0
end_of_record
TN:
SF:C:\Git\Gibhub\misc\src\webpack\webpack-sass-babel-webpack-dev-server-karma\src\assets\scripts\util.spec.js
FN:0,_interopRequireDefault
FN:3,(anonymous_2)
FN:4,(anonymous_3)
FN:8,(anonymous_4)
FNF:4
FNH:4
FNDA:1,_interopRequireDefault
FNDA:1,(anonymous_2)
FNDA:1,(anonymous_3)
FNDA:1,(anonymous_4)
DA:0,1
DA:1,1
DA:3,1
DA:4,1
DA:5,1
DA:8,1
DA:9,1
LF:7
LH:7
BRDA:0,1,0,1
BRDA:0,1,1,0
BRDA:0,2,0,1
BRDA:0,2,1,1
BRF:4
BRH:4
end_of_record
